<?xml version="1.0" encoding="UTF-8"?>
<!-- Generated by org.testng.reporters.JUnitReportReporter -->
<testsuite hostname="Sabeeha" failures="0" tests="1" name="amazon.login" time="0.008" errors="0" timestamp="2022-11-08T12:15:38 IST" skipped="0">
  <testcase classname="amazon.login" name="gettitle" time="0.008"/>
  <system-out/>
</testsuite> <!-- amazon.login -->
