<?xml version="1.0" encoding="UTF-8"?>
<!-- Generated by org.testng.reporters.JUnitReportReporter -->
<testsuite hostname="Sabeeha" failures="0" tests="6" name="testng.class3" time="0.017" errors="0" timestamp="2022-11-08T15:51:21 IST" skipped="0">
  <testcase classname="testng.class3" name="login" time="0.011"/>
  <system-out/>
  <testcase classname="testng.class3" name="customerdeatails" time="0.001"/>
  <system-out/>
  <testcase classname="testng.class3" name="productdetails" time="0.002"/>
  <system-out/>
  <testcase classname="testng.class3" name="paymentdetails" time="0.001"/>
  <system-out/>
  <testcase classname="testng.class3" name="deliveryprocess" time="0.001"/>
  <system-out/>
  <testcase classname="testng.class3" name="feedback" time="0.001"/>
  <system-out/>
</testsuite> <!-- testng.class3 -->
