<?xml version="1.0" encoding="UTF-8"?>
<!-- Generated by org.testng.reporters.JUnitReportReporter -->
<testsuite hostname="Sabeeha" failures="0" tests="3" name="testng.prog2" time="0.767" errors="0" timestamp="2022-11-08T10:48:47 IST" skipped="0">
  <testcase classname="testng.prog2" name="gettitle" time="0.023"/>
  <system-out/>
  <testcase classname="testng.prog2" name="geturl" time="0.003"/>
  <system-out/>
  <testcase classname="testng.prog2" name="getscreenshot" time="0.741"/>
  <system-out/>
</testsuite> <!-- testng.prog2 -->
