<?xml version="1.0" encoding="UTF-8"?>
<!-- Generated by org.testng.reporters.JUnitReportReporter -->
<testsuite hostname="Sabeeha" failures="0" tests="4" name="amazon.last" time="1.402" errors="0" timestamp="2022-11-08T13:27:37 IST" skipped="0">
  <testcase classname="amazon.last" name="gettitle" time="0.018"/>
  <system-out/>
  <testcase classname="amazon.last" name="geturl" time="0.052"/>
  <system-out/>
  <testcase classname="amazon.last" name="element" time="0.814"/>
  <system-out/>
  <testcase classname="amazon.last" name="screenshot" time="0.518"/>
  <system-out/>
</testsuite> <!-- amazon.last -->
