<?xml version="1.0" encoding="UTF-8"?>
<!-- Generated by org.testng.reporters.JUnitReportReporter -->
<testsuite hostname="Sabeeha" failures="0" tests="7" name="testng.prog1" time="0.032" errors="0" timestamp="2022-11-08T09:42:33 IST" skipped="1">
  <testcase classname="testng.prog1" name="opening_browser" time="0.021"/>
  <system-out/>
  <testcase classname="testng.prog1" name="customerdetails" time="0.002"/>
  <system-out/>
  <testcase classname="testng.prog1" name="productdetails" time="0.002"/>
  <system-out/>
  <testcase classname="testng.prog1" name="deliveryprocess" time="0.003"/>
  <system-out/>
  <testcase classname="testng.prog1" name="feedback" time="0.002"/>
  <system-out/>
  <testcase classname="testng.prog1" name="logoff" time="0.002"/>
  <system-out/>
  <testcase classname="testng.prog1" name="paymentdeatails">
    <skipped/>
  </testcase> <!-- paymentdeatails -->
  <system-out/>
</testsuite> <!-- testng.prog1 -->
